<?xml version="1.0" encoding="UTF-8"?>
<!-- Generated by org.testng.reporters.JUnitReportReporter -->
<testsuite hostname="Esakkis-MacBook-Air.local" failures="0" tests="1" name="getmethods" time="3.674" errors="0" timestamp="2019-08-27T20:45:59 IST" skipped="0">
  <testcase classname="getmethods" name="Testget" time="3.674"/>
</testsuite> <!-- getmethods -->
