<?xml version="1.0" encoding="UTF-8"?>
<!-- Generated by org.testng.reporters.JUnitReportReporter -->
<testsuite hostname="Esakkis-MacBook-Air.local" failures="0" tests="2" name="postmethods" time="16.342" errors="0" timestamp="2019-08-28T16:50:19 IST" skipped="0">
  <testcase classname="postmethods" name="postLogin" time="2.644"/>
  <testcase classname="postmethods" name="getAllQuestions" time="13.698"/>
</testsuite> <!-- postmethods -->
