<?xml version="1.0" encoding="UTF-8"?>
<!-- Generated by org.testng.reporters.JUnitReportReporter -->
<testsuite hostname="Esakkis-MacBook-Air.local" failures="0" tests="2" name="postmethods" time="9.727" errors="0" timestamp="2019-08-27T21:32:57 IST" skipped="0">
  <testcase classname="postmethods" name="postLogin" time="1.981"/>
  <testcase classname="postmethods" name="getAllQuestions" time="7.746"/>
</testsuite> <!-- postmethods -->
